Number of OpenCL platforms found: 1
clGetPlatformInfo(): 13
CL_PLATFORM_PROFILE: FULL_PROFILE
clGetPlatformInfo(): 34
CL_PLATFORM_VERSION: OpenCL 1.2 (May 10 2015 19:38:45)
clGetPlatformInfo(): 6
CL_PLATFORM_NAME: Apple
clGetPlatformInfo(): 6
CL_PLATFORM_VENDOR: Apple
clGetPlatformInfo(): 143
CL_PLATFORM_EXTENSIONS: cl_APPLE_SetMemObjectDestructor cl_APPLE_ContextLoggingFunctions cl_APPLE_clut cl_APPLE_query_kernel_names cl_APPLE_gl_sharing cl_khr_gl_event
got to 1
got to 2
got to 3
got to 4
got to 5
got to 6
0
3
6
9
12
15
18
21
24
27
30
33
36
39
42
45
48
51
54
57
60
63
66
69
72
75
78
81
84
87
90
93
96
99
102
105
108
111
114
117
120
123
126
-127
-124
-121
-118
-115
-112
-109
-106
-103
-100
-97
-94
-91
-88
-85
-82
-79
-76
-73
-70
-67
-64
-61
-58
-55
-52
-49
-46
-43
-40
-37
-34
-31
-28
-25
-22
-19
-16
-13
-10
-7
-4
-1
2
5
8
11
14
17
20
23
26
29
32
35
38
41
